e:\workspace\qttcpclient\debug\main.obj
e:\workspace\qttcpclient\debug\qttcpclient.obj
e:\workspace\qttcpclient\debug\qrc_qttcpclient.obj
e:\workspace\qttcpclient\debug\moc_qttcpclient.obj
e:\workspace\qttcpclient\debug\vc142.pdb
e:\workspace\qttcpclient\debug\audiohandler.obj
e:\workspace\qttcpclient\debug\moc_audiohandler.obj
e:\workspace\qttcpclient\debug\qttcpclient.exe
e:\workspace\qttcpclient\debug\qttcpclient.ilk
e:\workspace\qttcpclient\debug\qttcpclient.pdb
e:\workspace\qttcpclient\debug\moc\moc_qttcpclient.cpp
e:\workspace\qttcpclient\debug\moc\moc_audiohandler.cpp
e:\workspace\qttcpclient\debug\uic\ui_qttcpclient.h
e:\workspace\qttcpclient\debug\rcc\qrc_qttcpclient.cpp
e:\workspace\qttcpclient\debug\qttcpclient.tlog\cl.command.1.tlog
e:\workspace\qttcpclient\debug\qttcpclient.tlog\cl.read.1.tlog
e:\workspace\qttcpclient\debug\qttcpclient.tlog\cl.write.1.tlog
e:\workspace\qttcpclient\debug\qttcpclient.tlog\link.command.1.tlog
e:\workspace\qttcpclient\debug\qttcpclient.tlog\link.read.1.tlog
e:\workspace\qttcpclient\debug\qttcpclient.tlog\link.write.1.tlog
e:\workspace\qttcpclient\debug\qttcpclient.tlog\moc.read.1u.tlog
e:\workspace\qttcpclient\debug\qttcpclient.tlog\moc.write.1u.tlog
e:\workspace\qttcpclient\debug\qttcpclient.tlog\qttcpclient.write.1u.tlog
e:\workspace\qttcpclient\debug\qttcpclient.tlog\rcc.read.1u.tlog
e:\workspace\qttcpclient\debug\qttcpclient.tlog\rcc.write.1u.tlog
e:\workspace\qttcpclient\debug\qttcpclient.tlog\uic.read.1u.tlog
e:\workspace\qttcpclient\debug\qttcpclient.tlog\uic.write.1u.tlog
