e:\workspace\qttcpclient\release\qrc_qttcpclient.obj
e:\workspace\qttcpclient\release\moc_qttcpclient.obj
e:\workspace\qttcpclient\release\main.obj
e:\workspace\qttcpclient\release\qttcpclient.obj
e:\workspace\qttcpclient\release\qttcpclient.exe
e:\workspace\qttcpclient\release\moc\moc_qttcpclient.cpp
e:\workspace\qttcpclient\release\uic\ui_qttcpclient.h
e:\workspace\qttcpclient\release\rcc\qrc_qttcpclient.cpp
e:\workspace\qttcpclient\release\qttcpclient.tlog\cl.12532.write.1.tlog
e:\workspace\qttcpclient\release\qttcpclient.tlog\cl.command.1.tlog
e:\workspace\qttcpclient\release\qttcpclient.tlog\cl.read.1.tlog
e:\workspace\qttcpclient\release\qttcpclient.tlog\link.command.1.tlog
e:\workspace\qttcpclient\release\qttcpclient.tlog\link.read.1.tlog
e:\workspace\qttcpclient\release\qttcpclient.tlog\link.write.1.tlog
e:\workspace\qttcpclient\release\qttcpclient.tlog\moc.read.1u.tlog
e:\workspace\qttcpclient\release\qttcpclient.tlog\moc.write.1u.tlog
e:\workspace\qttcpclient\release\qttcpclient.tlog\qttcpclient.write.1u.tlog
e:\workspace\qttcpclient\release\qttcpclient.tlog\rcc.read.1u.tlog
e:\workspace\qttcpclient\release\qttcpclient.tlog\rcc.write.1u.tlog
e:\workspace\qttcpclient\release\qttcpclient.tlog\uic.read.1u.tlog
e:\workspace\qttcpclient\release\qttcpclient.tlog\uic.write.1u.tlog
